<?xml version="1.0" encoding="UTF-8"?>
<!-- Generated by org.testng.reporters.JUnitXMLReporter -->
<testsuite ignored="0" hostname="DESKTOP-0H20KSF" failures="0" tests="3" name="Default test" time="2.043" errors="0" timestamp="2023-07-08T21:20:30 IST">
  <testcase classname="DemoProject.RestAssuredDemo.DynamicJson" name="addBook" time="1.574"/>
  <testcase classname="DemoProject.RestAssuredDemo.DynamicJson" name="addBook" time="0.228"/>
  <testcase classname="DemoProject.RestAssuredDemo.DynamicJson" name="addBook" time="0.203"/>
</testsuite> <!-- Default test -->
