<?xml version="1.0" encoding="UTF-8"?>
<testng-results ignored="0" total="3" passed="3" failed="0" skipped="0">
  <reporter-output>
  </reporter-output>
  <suite started-at="2023-07-08T21:20:28 IST" name="Default suite" finished-at="2023-07-08T21:20:30 IST" duration-ms="2043">
    <groups>
    </groups>
    <test started-at="2023-07-08T21:20:28 IST" name="Default test" finished-at="2023-07-08T21:20:30 IST" duration-ms="2043">
      <class name="DemoProject.RestAssuredDemo.DynamicJson">
        <test-method signature="addBook(java.lang.String,java.lang.String)[pri:0, instance:DemoProject.RestAssuredDemo.DynamicJson@54bff557]" started-at="2023-07-08T21:20:28 IST" name="addBook" data-provider="Books data" finished-at="2023-07-08T21:20:29 IST" duration-ms="1574" status="PASS">
          <params>
            <param index="0">
              <value>
                <![CDATA[kc]]>
              </value>
            </param>
            <param index="1">
              <value>
                <![CDATA[1273]]>
              </value>
            </param>
          </params>
          <reporter-output>
          </reporter-output>
        </test-method> <!-- addBook -->
        <test-method signature="addBook(java.lang.String,java.lang.String)[pri:0, instance:DemoProject.RestAssuredDemo.DynamicJson@54bff557]" started-at="2023-07-08T21:20:29 IST" name="addBook" data-provider="Books data" finished-at="2023-07-08T21:20:29 IST" duration-ms="228" status="PASS">
          <params>
            <param index="0">
              <value>
                <![CDATA[kamal]]>
              </value>
            </param>
            <param index="1">
              <value>
                <![CDATA[1274]]>
              </value>
            </param>
          </params>
          <reporter-output>
          </reporter-output>
        </test-method> <!-- addBook -->
        <test-method signature="addBook(java.lang.String,java.lang.String)[pri:0, instance:DemoProject.RestAssuredDemo.DynamicJson@54bff557]" started-at="2023-07-08T21:20:29 IST" name="addBook" data-provider="Books data" finished-at="2023-07-08T21:20:30 IST" duration-ms="203" status="PASS">
          <params>
            <param index="0">
              <value>
                <![CDATA[srikanth]]>
              </value>
            </param>
            <param index="1">
              <value>
                <![CDATA[1276]]>
              </value>
            </param>
          </params>
          <reporter-output>
          </reporter-output>
        </test-method> <!-- addBook -->
      </class> <!-- DemoProject.RestAssuredDemo.DynamicJson -->
    </test> <!-- Default test -->
  </suite> <!-- Default suite -->
</testng-results>
